{"message":"\"10\"에 대한 건물번호가 없습니다.","level":"error","timestamp":"2023-03-01 00:02:41"}
{"message":"\"학생 생활관\"에 대한 건물명이 없습니다.","level":"error","timestamp":"2023-03-01 00:02:48"}
{"message":"\"경상국립대\"에 대한 건물명이 없습니다.","level":"error","timestamp":"2023-03-01 01:02:45"}
{"message":"\"공학7\"에 대한 건물명이 없습니다.","level":"error","timestamp":"2023-03-01 01:07:18"}
{"message":"\"공학 7\"에 대한 건물명이 없습니다.","level":"error","timestamp":"2023-03-01 01:07:27"}
{"message":"\"농생1\"에 대한 건물명이 없습니다.","level":"error","timestamp":"2023-03-01 01:07:54"}
{"message":"\"024-0260\"에 대한 건물명이 없습니다.","level":"error","timestamp":"2023-03-01 01:11:18"}
{"message":"\"024-0173\"에 대한 건물명이 없습니다.","level":"error","timestamp":"2023-03-01 01:15:53"}
{"message":"\"104-0409\"에 대한 건물명이 없습니다.","level":"error","timestamp":"2023-03-01 01:32:34"}
{"message":"\"창원캠\"에 대한 건물명이 없습니다.","level":"error","timestamp":"2023-03-01 01:32:42"}
{"message":"\"창원\"에 대한 건물명이 없습니다.","level":"error","timestamp":"2023-03-01 01:32:49"}
{"message":"\"024 0145\"에 대한 건물명이 없습니다.","level":"error","timestamp":"2023-03-01 01:39:29"}
{"message":"\"농생과학관\"에 대한 건물명이 없습니다.","level":"error","timestamp":"2023-03-01 01:50:54"}
{"message":"\"농생과학관\"에 대한 건물명이 없습니다.","level":"error","timestamp":"2023-03-01 01:56:57"}
{"message":"\"농업\"에 대한 건물명이 없습니다.","level":"error","timestamp":"2023-03-01 02:00:19"}
{"message":"\"농업생명\"에 대한 건물명이 없습니다.","level":"error","timestamp":"2023-03-01 02:04:05"}
{"message":"\"359\"에 대한 건물번호가 없습니다.","level":"error","timestamp":"2023-03-01 02:09:05"}
{"message":"\"456-0206\"에 대한 건물명이 없습니다.","level":"error","timestamp":"2023-03-01 02:09:19"}
{"message":"\"자연과팍\"에 대한 건물명이 없습니다.","level":"error","timestamp":"2023-03-01 02:09:23"}
{"message":"\"자연과학\"에 대한 건물명이 없습니다.","level":"error","timestamp":"2023-03-01 02:09:27"}
{"message":"\"456-0209\"에 대한 건물명이 없습니다.","level":"error","timestamp":"2023-03-01 02:09:31"}
{"message":"\"456- 0209\"에 대한 건물명이 없습니다.","level":"error","timestamp":"2023-03-01 02:09:36"}
{"message":"\"정치외교학과\"에 대한 건물명이 없습니다.","level":"error","timestamp":"2023-03-01 02:18:34"}
{"message":"\"403-0419\"에 대한 건물명이 없습니다.","level":"error","timestamp":"2023-03-01 02:19:53"}
{"message":"\"493\"에 대한 건물번호가 없습니다.","level":"error","timestamp":"2023-03-01 02:20:16"}
{"message":"\"451-0210\"에 대한 건물명이 없습니다.","level":"error","timestamp":"2023-03-01 02:22:14"}
{"message":"\"9\"에 대한 건물번호가 없습니다.","level":"error","timestamp":"2023-03-01 03:12:13"}
{"message":"\"물리학\"에 대한 건물명이 없습니다.","level":"error","timestamp":"2023-03-01 03:14:22"}
{"message":"\"경상국립ㄷ\"에 대한 건물명이 없습니다.","level":"error","timestamp":"2023-03-01 03:16:32"}
{"message":"\"240145\"에 대한 건물번호가 없습니다.","level":"error","timestamp":"2023-03-01 03:16:47"}
{"message":"\"024-0145\"에 대한 건물명이 없습니다.","level":"error","timestamp":"2023-03-01 03:16:58"}
{"message":"\"경영대핫\"에 대한 건물명이 없습니다.","level":"error","timestamp":"2023-03-01 03:17:49"}
{"message":"\"서점\"에 대한 건물명이 없습니다.","level":"error","timestamp":"2023-03-01 03:18:33"}
{"message":"\"서점\"에 대한 건물명이 없습니다.","level":"error","timestamp":"2023-03-01 03:19:05"}
{"message":"\"서점\"에 대한 건물명이 없습니다.","level":"error","timestamp":"2023-03-01 03:19:06"}
{"message":"\"402-215\"에 대한 건물명이 없습니다.","level":"error","timestamp":"2023-03-01 03:26:40"}
{"message":"\"402-215\"에 대한 건물명이 없습니다.","level":"error","timestamp":"2023-03-01 03:26:54"}
{"message":"\"024-130\"에 대한 건물명이 없습니다.","level":"error","timestamp":"2023-03-01 03:27:34"}
{"message":"\"024-1\"에 대한 건물명이 없습니다.","level":"error","timestamp":"2023-03-01 03:27:38"}
{"message":"\"24130\"에 대한 건물번호가 없습니다.","level":"error","timestamp":"2023-03-01 03:27:48"}
{"message":"\"024-0156\"에 대한 건물명이 없습니다.","level":"error","timestamp":"2023-03-01 03:29:19"}
{"message":"\"024-\"에 대한 건물명이 없습니다.","level":"error","timestamp":"2023-03-01 03:29:23"}
{"message":"\"156\"에 대한 건물번호가 없습니다.","level":"error","timestamp":"2023-03-01 03:29:56"}
{"message":"\"024-0125\"에 대한 건물명이 없습니다.","level":"error","timestamp":"2023-03-01 04:50:29"}
{"message":"\"행정학과\"에 대한 건물명이 없습니다.","level":"error","timestamp":"2023-03-01 05:05:12"}
{"message":"\"행정학\"에 대한 건물명이 없습니다.","level":"error","timestamp":"2023-03-01 05:05:16"}
{"message":"\"행정\"에 대한 건물명이 없습니다.","level":"error","timestamp":"2023-03-01 05:05:19"}
{"message":"\"행정학과\"에 대한 건물명이 없습니다.","level":"error","timestamp":"2023-03-01 05:12:43"}
{"message":"\"과학1\"에 대한 건물명이 없습니다.","level":"error","timestamp":"2023-03-01 05:26:05"}
{"message":"\"과학1\"에 대한 건물명이 없습니다.","level":"error","timestamp":"2023-03-01 05:26:07"}
{"message":"\"15\"에 대한 건물번호가 없습니다.","level":"error","timestamp":"2023-03-01 05:28:54"}
{"message":"\"8번\"에 대한 건물명이 없습니다.","level":"error","timestamp":"2023-03-01 05:30:54"}
{"message":"\"칠암\"에 대한 건물명이 없습니다.","level":"error","timestamp":"2023-03-01 05:31:36"}
{"message":"\"100주년\"에 대한 건물명이 없습니다.","level":"error","timestamp":"2023-03-01 05:31:42"}
{"message":"\"화장실\"에 대한 건물명이 없습니다.","level":"error","timestamp":"2023-03-01 05:38:54"}
{"message":"\"15\"에 대한 건물번호가 없습니다.","level":"error","timestamp":"2023-03-01 05:40:18"}
{"message":"\"15\"에 대한 건물번호가 없습니다.","level":"error","timestamp":"2023-03-01 05:40:26"}
{"message":"\"아람관\"에 대한 건물명이 없습니다.","level":"error","timestamp":"2023-03-01 05:46:57"}
{"message":"\"식당\"에 대한 건물명이 없습니다.","level":"error","timestamp":"2023-03-01 05:47:03"}
{"message":"\"생활관 관리\"에 대한 건물명이 없습니다.","level":"error","timestamp":"2023-03-01 05:54:34"}
{"message":"빈 검색어 입니다.","level":"error","timestamp":"2023-03-01 05:54:38"}
{"message":"\"atm\"에 대한 건물명이 없습니다.","level":"error","timestamp":"2023-03-01 05:54:58"}
{"message":"\"9\"에 대한 건물번호가 없습니다.","level":"error","timestamp":"2023-03-01 05:56:02"}
{"message":"\"관리사무실\"에 대한 건물명이 없습니다.","level":"error","timestamp":"2023-03-01 05:56:42"}
{"message":"\"경비실\"에 대한 건물명이 없습니다.","level":"error","timestamp":"2023-03-01 05:56:49"}
{"message":"\"핼스\"에 대한 건물명이 없습니다.","level":"error","timestamp":"2023-03-01 05:58:40"}
{"message":"\"헬스\"에 대한 건물명이 없습니다.","level":"error","timestamp":"2023-03-01 05:58:44"}
{"message":"\"024-0145\"에 대한 건물명이 없습니다.","level":"error","timestamp":"2023-03-01 06:01:06"}
{"message":"\"024-0145\"에 대한 건물명이 없습니다.","level":"error","timestamp":"2023-03-01 06:01:09"}
{"message":"\"15\"에 대한 건물번호가 없습니다.","level":"error","timestamp":"2023-03-01 06:01:45"}
{"message":"\"309\"에 대한 건물번호가 없습니다.","level":"error","timestamp":"2023-03-01 06:01:50"}
{"message":"\"기숙사 8종\"에 대한 건물명이 없습니다.","level":"error","timestamp":"2023-03-01 06:02:50"}
{"message":"\"024-0156\"에 대한 건물명이 없습니다.","level":"error","timestamp":"2023-03-01 06:08:54"}
{"message":"\"칠암\"에 대한 건물명이 없습니다.","level":"error","timestamp":"2023-03-01 06:19:02"}
{"message":"\"btl1\"에 대한 건물명이 없습니다.","level":"error","timestamp":"2023-03-01 06:19:07"}
{"message":"\"9\"에 대한 건물번호가 없습니다.","level":"error","timestamp":"2023-03-01 06:28:44"}
{"message":"\"9\"에 대한 건물번호가 없습니다.","level":"error","timestamp":"2023-03-01 06:28:49"}
{"message":"\"9\"에 대한 건물번호가 없습니다.","level":"error","timestamp":"2023-03-01 06:29:03"}
{"message":"\"9\"에 대한 건물번호가 없습니다.","level":"error","timestamp":"2023-03-01 06:29:08"}
{"message":"\"3돌\"에 대한 건물명이 없습니다.","level":"error","timestamp":"2023-03-01 06:32:19"}
{"message":"\"240227\"에 대한 건물번호가 없습니다.","level":"error","timestamp":"2023-03-01 06:34:34"}
{"message":"\"아람관\"에 대한 건물명이 없습니다.","level":"error","timestamp":"2023-03-01 06:35:38"}
{"message":"\"아람\"에 대한 건물명이 없습니다.","level":"error","timestamp":"2023-03-01 06:35:41"}
{"message":"\"9\"에 대한 건물번호가 없습니다.","level":"error","timestamp":"2023-03-01 06:35:46"}
{"message":"\"024-0160\"에 대한 건물명이 없습니다.","level":"error","timestamp":"2023-03-01 06:38:59"}
{"message":"\"024-0134\"에 대한 건물명이 없습니다.","level":"error","timestamp":"2023-03-01 06:49:23"}
{"message":"\"024-0143\"에 대한 건물명이 없습니다.","level":"error","timestamp":"2023-03-01 06:49:32"}
{"message":"\"월계관\"에 대한 건물명이 없습니다.","level":"error","timestamp":"2023-03-01 06:49:43"}
{"message":"\"[024-0143]\"에 대한 건물명이 없습니다.","level":"error","timestamp":"2023-03-01 06:49:46"}
{"message":"\"024-0134\"에 대한 건물명이 없습니다.","level":"error","timestamp":"2023-03-01 06:49:56"}
{"message":"\"024-1350\"에 대한 건물명이 없습니다.","level":"error","timestamp":"2023-03-01 06:57:06"}
{"message":"\"273\"에 대한 건물번호가 없습니다.","level":"error","timestamp":"2023-03-01 07:06:05"}
{"message":"\"251-0416\"에 대한 건물명이 없습니다.","level":"error","timestamp":"2023-03-01 07:08:27"}
{"message":"\"9\"에 대한 건물번호가 없습니다.","level":"error","timestamp":"2023-03-01 07:10:43"}
{"message":"\"201-0202\"에 대한 건물명이 없습니다.","level":"error","timestamp":"2023-03-01 07:17:50"}
{"message":"\"202\"에 대한 건물번호가 없습니다.","level":"error","timestamp":"2023-03-01 07:18:21"}
{"message":"\"451-0323\"에 대한 건물명이 없습니다.","level":"error","timestamp":"2023-03-01 07:19:15"}
{"message":"\"201-0202\"에 대한 건물명이 없습니다.","level":"error","timestamp":"2023-03-01 07:22:09"}
{"message":"\"456-0115\"에 대한 건물명이 없습니다.","level":"error","timestamp":"2023-03-01 07:22:35"}
{"message":"\"351-0204\"에 대한 건물명이 없습니다.","level":"error","timestamp":"2023-03-01 07:29:23"}
{"message":"빈 검색어 입니다.","level":"error","timestamp":"2023-03-01 09:22:14"}
{"message":"\"9\"에 대한 건물번호가 없습니다.","level":"error","timestamp":"2023-03-01 09:41:02"}
{"message":"\"352 04\"에 대한 건물명이 없습니다.","level":"error","timestamp":"2023-03-01 09:41:17"}
{"message":"\"352-0436\"에 대한 건물명이 없습니다.","level":"error","timestamp":"2023-03-01 09:41:31"}
{"message":"\"물리\"에 대한 건물명이 없습니다.","level":"error","timestamp":"2023-03-01 09:42:05"}
{"message":"\"아람관\"에 대한 건물명이 없습니다.","level":"error","timestamp":"2023-03-01 09:42:08"}
{"message":"빈 검색어 입니다.","level":"error","timestamp":"2023-03-01 09:46:49"}
{"message":"\"구 본관\"에 대한 건물명이 없습니다.","level":"error","timestamp":"2023-03-01 09:47:14"}
{"message":"\"구본관\"에 대한 건물명이 없습니다.","level":"error","timestamp":"2023-03-01 09:47:22"}
{"message":"\"15\"에 대한 건물번호가 없습니다.","level":"error","timestamp":"2023-03-01 09:47:37"}
{"message":"\"351둉\"에 대한 건물명이 없습니다.","level":"error","timestamp":"2023-03-01 09:48:09"}
{"message":"\"통영\"에 대한 건물명이 없습니다.","level":"error","timestamp":"2023-03-01 09:50:38"}
{"message":"\"교육혁신처\"에 대한 건물명이 없습니다.","level":"error","timestamp":"2023-03-01 09:55:45"}
{"message":"\"9\"에 대한 건물번호가 없습니다.","level":"error","timestamp":"2023-03-01 09:57:34"}
{"message":"\"402-0102\"에 대한 건물명이 없습니다.","level":"error","timestamp":"2023-03-01 09:59:34"}
{"message":"\"4020102\"에 대한 건물번호가 없습니다.","level":"error","timestamp":"2023-03-01 10:00:53"}
{"message":"\"402-0102\"에 대한 건물명이 없습니다.","level":"error","timestamp":"2023-03-01 10:01:01"}
{"message":"\"456-0115\"에 대한 건물명이 없습니다.","level":"error","timestamp":"2023-03-01 10:07:14"}
{"message":"\"경상대 통영\"에 대한 건물명이 없습니다.","level":"error","timestamp":"2023-03-01 10:15:13"}
{"message":"\"경상대학교\"에 대한 건물명이 없습니다.","level":"error","timestamp":"2023-03-01 10:15:17"}
{"message":"\"523\"에 대한 건물번호가 없습니다.","level":"error","timestamp":"2023-03-01 10:17:52"}
{"message":"\"농구\"에 대한 건물명이 없습니다.","level":"error","timestamp":"2023-03-01 10:18:33"}
{"message":"빈 검색어 입니다.","level":"error","timestamp":"2023-03-01 10:18:38"}
{"message":"\"100\"에 대한 건물번호가 없습니다.","level":"error","timestamp":"2023-03-01 10:21:04"}
{"message":"\"기념관\"에 대한 건물명이 없습니다.","level":"error","timestamp":"2023-03-01 10:21:08"}
{"message":"\"아림관\"에 대한 건물명이 없습니다.","level":"error","timestamp":"2023-03-01 10:21:59"}
{"message":"\"식당\"에 대한 건물명이 없습니다.","level":"error","timestamp":"2023-03-01 10:22:06"}
{"message":"\"학생식당\"에 대한 건물명이 없습니다.","level":"error","timestamp":"2023-03-01 10:22:18"}
{"message":"\"인문대학\"에 대한 건물명이 없습니다.","level":"error","timestamp":"2023-03-01 10:23:45"}
{"message":"\"24-160\"에 대한 건물명이 없습니다.","level":"error","timestamp":"2023-03-01 10:35:27"}
{"message":"\"024-160\"에 대한 건물명이 없습니다.","level":"error","timestamp":"2023-03-01 10:35:55"}
{"message":"\"160\"에 대한 건물번호가 없습니다.","level":"error","timestamp":"2023-03-01 10:36:02"}
{"message":"\"교앵\"에 대한 건물명이 없습니다.","level":"error","timestamp":"2023-03-01 10:36:25"}
{"message":"\"303-0717\"에 대한 건물명이 없습니다.","level":"error","timestamp":"2023-03-01 10:39:41"}
{"message":"\"303-0717\"에 대한 건물명이 없습니다.","level":"error","timestamp":"2023-03-01 10:40:16"}
{"message":"\"영어실습실\"에 대한 건물명이 없습니다.","level":"error","timestamp":"2023-03-01 10:40:39"}
{"message":"\"233\"에 대한 건물번호가 없습니다.","level":"error","timestamp":"2023-03-01 10:40:43"}
{"message":"\"칠남\"에 대한 건물명이 없습니다.","level":"error","timestamp":"2023-03-01 10:41:15"}
{"message":"\"칠암 캠퍼스\"에 대한 건물명이 없습니다.","level":"error","timestamp":"2023-03-01 10:41:19"}
{"message":"\"칠암 캠퍼스\"에 대한 건물명이 없습니다.","level":"error","timestamp":"2023-03-01 10:41:49"}
{"message":"\"울림관\"에 대한 건물명이 없습니다.","level":"error","timestamp":"2023-03-01 10:43:02"}
{"message":"\"울림관\"에 대한 건물명이 없습니다.","level":"error","timestamp":"2023-03-01 10:43:06"}
{"message":"\"울림관\"에 대한 건물명이 없습니다.","level":"error","timestamp":"2023-03-01 10:43:13"}
{"message":"\"구대학본부\"에 대한 건물명이 없습니다.","level":"error","timestamp":"2023-03-01 10:47:20"}
{"message":"\"버스\"에 대한 건물명이 없습니다.","level":"error","timestamp":"2023-03-01 10:51:06"}
{"message":"\"아람관\"에 대한 건물명이 없습니다.","level":"error","timestamp":"2023-03-01 10:57:14"}
{"message":"\"024-0260\"에 대한 건물명이 없습니다.","level":"error","timestamp":"2023-03-01 10:59:06"}
{"message":"\"024-0260\"에 대한 건물명이 없습니다.","level":"error","timestamp":"2023-03-01 10:59:08"}
{"message":"\"콘도\"에 대한 건물명이 없습니다.","level":"error","timestamp":"2023-03-01 10:59:48"}
{"message":"\"bnit\"에 대한 건물명이 없습니다.","level":"error","timestamp":"2023-03-01 10:59:51"}
{"message":"\"일성\"에 대한 건물명이 없습니다.","level":"error","timestamp":"2023-03-01 11:00:02"}
{"message":"\"302-0104\"에 대한 건물명이 없습니다.","level":"error","timestamp":"2023-03-01 11:20:52"}
{"message":"\"302-0104\"에 대한 건물명이 없습니다.","level":"error","timestamp":"2023-03-01 11:20:59"}
{"message":"\"흡연\"에 대한 건물명이 없습니다.","level":"error","timestamp":"2023-03-01 11:21:11"}
{"message":"\"기초통계학실습\"에 대한 건물명이 없습니다.","level":"error","timestamp":"2023-03-01 11:21:12"}
{"message":"빈 검색어 입니다.","level":"error","timestamp":"2023-03-01 11:22:13"}
{"message":"\"302-0104\"에 대한 건물명이 없습니다.","level":"error","timestamp":"2023-03-01 11:23:16"}
{"message":"\"302104\"에 대한 건물번호가 없습니다.","level":"error","timestamp":"2023-03-01 11:23:39"}
{"message":"빈 검색어 입니다.","level":"error","timestamp":"2023-03-01 11:25:22"}
{"message":"\"교양학괔\"에 대한 건물명이 없습니다.","level":"error","timestamp":"2023-03-01 11:29:55"}
{"message":"\"351-0311\"에 대한 건물명이 없습니다.","level":"error","timestamp":"2023-03-01 11:32:47"}
{"message":"\"024-127\"에 대한 건물명이 없습니다.","level":"error","timestamp":"2023-03-01 11:40:04"}
{"message":"\"흡연실\"에 대한 건물명이 없습니다.","level":"error","timestamp":"2023-03-01 11:40:32"}
{"message":"\"흡연\"에 대한 건물명이 없습니다.","level":"error","timestamp":"2023-03-01 11:40:37"}
{"message":"\"101-0348\"에 대한 건물명이 없습니다.","level":"error","timestamp":"2023-03-01 11:41:42"}
{"message":"\"1010348\"에 대한 건물번호가 없습니다.","level":"error","timestamp":"2023-03-01 11:41:50"}
{"message":"\"101-0348\"에 대한 건물명이 없습니다.","level":"error","timestamp":"2023-03-01 11:41:53"}
{"message":"\"사학과\"에 대한 건물명이 없습니다.","level":"error","timestamp":"2023-03-01 11:43:34"}
{"message":"빈 검색어 입니다.","level":"error","timestamp":"2023-03-01 11:47:30"}
{"message":"\"68\"에 대한 건물번호가 없습니다.","level":"error","timestamp":"2023-03-01 11:54:15"}
{"message":"\"아람\"에 대한 건물명이 없습니다.","level":"error","timestamp":"2023-03-01 11:54:19"}
{"message":"\"아람관\"에 대한 건물명이 없습니다.","level":"error","timestamp":"2023-03-01 11:54:21"}
{"message":"\"103\"에 대한 건물번호가 없습니다.","level":"error","timestamp":"2023-03-01 11:56:55"}
{"message":"\"과학1호\"에 대한 건물명이 없습니다.","level":"error","timestamp":"2023-03-01 12:07:48"}
{"message":"\"001-302\"에 대한 건물명이 없습니다.","level":"error","timestamp":"2023-03-01 12:10:57"}
{"message":"\"국제교류원\"에 대한 건물명이 없습니다.","level":"error","timestamp":"2023-03-01 12:13:38"}
{"message":"\"024-0275\"에 대한 건물명이 없습니다.","level":"error","timestamp":"2023-03-01 12:28:27"}
{"message":"\"월계관\"에 대한 건물명이 없습니다.","level":"error","timestamp":"2023-03-01 12:28:39"}
{"message":"\"024-0275\"에 대한 건물명이 없습니다.","level":"error","timestamp":"2023-03-01 12:28:51"}
{"message":"\"024-0275\"에 대한 건물명이 없습니다.","level":"error","timestamp":"2023-03-01 12:29:11"}
{"message":"\"024-0230\"에 대한 건물명이 없습니다.","level":"error","timestamp":"2023-03-01 12:31:24"}
{"message":"\"024- 0230\"에 대한 건물명이 없습니다.","level":"error","timestamp":"2023-03-01 12:31:32"}
{"message":"\"024-0273\"에 대한 건물명이 없습니다.","level":"error","timestamp":"2023-03-01 12:36:29"}
{"message":"\"024-0273\"에 대한 건물명이 없습니다.","level":"error","timestamp":"2023-03-01 12:36:35"}
{"message":"\"273\"에 대한 건물번호가 없습니다.","level":"error","timestamp":"2023-03-01 12:36:40"}
{"message":"\"5관\"에 대한 건물명이 없습니다.","level":"error","timestamp":"2023-03-01 12:39:44"}
{"message":"\"칠암 식당\"에 대한 건물명이 없습니다.","level":"error","timestamp":"2023-03-01 12:40:23"}
{"message":"\"과학2호관\"에 대한 건물명이 없습니다.","level":"error","timestamp":"2023-03-01 12:40:31"}
{"message":"\"251 24\"에 대한 건물명이 없습니다.","level":"error","timestamp":"2023-03-01 12:44:16"}
{"message":"\"24-243\"에 대한 건물명이 없습니다.","level":"error","timestamp":"2023-03-01 12:45:31"}
{"message":"\"024-0243\"에 대한 건물명이 없습니다.","level":"error","timestamp":"2023-03-01 12:45:49"}
{"message":"\"024-가\"에 대한 건물명이 없습니다.","level":"error","timestamp":"2023-03-01 12:45:53"}
{"message":"\"341\"에 대한 건물번호가 없습니다.","level":"error","timestamp":"2023-03-01 12:46:14"}
{"message":"\"가\"에 대한 건물명이 없습니다.","level":"error","timestamp":"2023-03-01 12:50:02"}
{"message":"\"24-가\"에 대한 건물명이 없습니다.","level":"error","timestamp":"2023-03-01 12:50:11"}
{"message":"\"법학\"에 대한 건물명이 없습니다.","level":"error","timestamp":"2023-03-01 12:54:51"}
{"message":"\"403-0219\"에 대한 건물명이 없습니다.","level":"error","timestamp":"2023-03-01 12:55:58"}
{"message":"\"법학관\"에 대한 건물명이 없습니다.","level":"error","timestamp":"2023-03-01 12:56:26"}
{"message":"\"법학관\"에 대한 건물명이 없습니다.","level":"error","timestamp":"2023-03-01 12:56:31"}
{"message":"\"251-416\"에 대한 건물명이 없습니다.","level":"error","timestamp":"2023-03-01 12:59:33"}
{"message":"\"9\"에 대한 건물번호가 없습니다.","level":"error","timestamp":"2023-03-01 13:28:13"}
{"message":"\"451-0323\"에 대한 건물명이 없습니다.","level":"error","timestamp":"2023-03-01 13:29:03"}
{"message":"\"과학1호관\"에 대한 건물명이 없습니다.","level":"error","timestamp":"2023-03-01 13:29:05"}
{"message":"\"402 0215\"에 대한 건물명이 없습니다.","level":"error","timestamp":"2023-03-01 13:32:37"}
{"message":"\"402-0215\"에 대한 건물명이 없습니다.","level":"error","timestamp":"2023-03-01 13:32:40"}
{"message":"\"교양회관\"에 대한 건물명이 없습니다.","level":"error","timestamp":"2023-03-01 13:40:31"}
{"message":"\"024-0156\"에 대한 건물명이 없습니다.","level":"error","timestamp":"2023-03-01 13:44:38"}
{"message":"\"30, 24\"에 대한 건물명이 없습니다.","level":"error","timestamp":"2023-03-01 13:48:53"}
{"message":"\"024-0243\"에 대한 건물명이 없습니다.","level":"error","timestamp":"2023-03-01 13:55:10"}
{"message":"\"학생생활관 11돈\"에 대한 건물명이 없습니다.","level":"error","timestamp":"2023-03-01 13:57:56"}
{"message":"\"BL2\"에 대한 건물명이 없습니다.","level":"error","timestamp":"2023-03-01 13:58:08"}
{"message":"\"공학4호\"에 대한 건물명이 없습니다.","level":"error","timestamp":"2023-03-01 14:00:25"}
{"message":"\"공학4호관\"에 대한 건물명이 없습니다.","level":"error","timestamp":"2023-03-01 14:00:31"}
{"message":"\"법학관\"에 대한 건물명이 없습니다.","level":"error","timestamp":"2023-03-01 14:01:04"}
{"message":"\"324\"에 대한 건물번호가 없습니다.","level":"error","timestamp":"2023-03-01 14:01:15"}
{"message":"\"법학관\"에 대한 건물명이 없습니다.","level":"error","timestamp":"2023-03-01 14:01:17"}
{"message":"\"회계\"에 대한 건물명이 없습니다.","level":"error","timestamp":"2023-03-01 14:01:35"}
{"message":"\"경영학관\"에 대한 건물명이 없습니다.","level":"error","timestamp":"2023-03-01 14:01:37"}
{"message":"\"중어중문학과\"에 대한 건물명이 없습니다.","level":"error","timestamp":"2023-03-01 14:01:44"}
{"message":"\"자연과학\"에 대한 건물명이 없습니다.","level":"error","timestamp":"2023-03-01 14:01:46"}
{"message":"\"자연과학\"에 대한 건물명이 없습니다.","level":"error","timestamp":"2023-03-01 14:01:49"}
{"message":"\"362\"에 대한 건물번호가 없습니다.","level":"error","timestamp":"2023-03-01 14:01:49"}
{"message":"\"과학4\"에 대한 건물명이 없습니다.","level":"error","timestamp":"2023-03-01 14:01:50"}
{"message":"\"102-101\"에 대한 건물명이 없습니다.","level":"error","timestamp":"2023-03-01 14:02:44"}
{"message":"\"100주년\"에 대한 건물명이 없습니다.","level":"error","timestamp":"2023-03-01 14:02:49"}
{"message":"\"자연과학\"에 대한 건물명이 없습니다.","level":"error","timestamp":"2023-03-01 14:02:51"}
{"message":"\"102돈\"에 대한 건물명이 없습니다.","level":"error","timestamp":"2023-03-01 14:02:53"}
{"message":"\"024 0141\"에 대한 건물명이 없습니다.","level":"error","timestamp":"2023-03-01 14:02:55"}
{"message":"\"024-0141\"에 대한 건물명이 없습니다.","level":"error","timestamp":"2023-03-01 14:03:02"}
{"message":"\"10\"에 대한 건물번호가 없습니다.","level":"error","timestamp":"2023-03-01 14:03:12"}
{"message":"\"아람관\"에 대한 건물명이 없습니다.","level":"error","timestamp":"2023-03-01 14:03:23"}
{"message":"\"아람\"에 대한 건물명이 없습니다.","level":"error","timestamp":"2023-03-01 14:03:26"}
{"message":"\"학생새왈관\"에 대한 건물명이 없습니다.","level":"error","timestamp":"2023-03-01 14:03:26"}
{"message":"\"식당\"에 대한 건물명이 없습니다.","level":"error","timestamp":"2023-03-01 14:03:30"}
{"message":"\"로봇과인문학\"에 대한 건물명이 없습니다.","level":"error","timestamp":"2023-03-01 14:04:09"}
{"message":"\"240131\"에 대한 건물번호가 없습니다.","level":"error","timestamp":"2023-03-01 14:04:19"}
{"message":"\"456-0202\"에 대한 건물명이 없습니다.","level":"error","timestamp":"2023-03-01 14:04:21"}
{"message":"\"240141\"에 대한 건물번호가 없습니다.","level":"error","timestamp":"2023-03-01 14:04:22"}
{"message":"\"024 0141\"에 대한 건물명이 없습니다.","level":"error","timestamp":"2023-03-01 14:04:31"}
{"message":"\"456-0202\"에 대한 건물명이 없습니다.","level":"error","timestamp":"2023-03-01 14:05:00"}
{"message":"\"15\"에 대한 건물번호가 없습니다.","level":"error","timestamp":"2023-03-01 14:05:15"}
{"message":"\"20\"에 대한 건물번호가 없습니다.","level":"error","timestamp":"2023-03-01 14:05:56"}
{"message":"\"24141\"에 대한 건물번호가 없습니다.","level":"error","timestamp":"2023-03-01 14:06:01"}
{"message":"\"20\"에 대한 건물번호가 없습니다.","level":"error","timestamp":"2023-03-01 14:06:04"}
{"message":"\"인문관\"에 대한 건물명이 없습니다.","level":"error","timestamp":"2023-03-01 14:06:07"}
{"message":"\"24 0141\"에 대한 건물명이 없습니다.","level":"error","timestamp":"2023-03-01 14:06:11"}
{"message":"\"24-0141\"에 대한 건물명이 없습니다.","level":"error","timestamp":"2023-03-01 14:06:16"}
{"message":"\"인문 1관\"에 대한 건물명이 없습니다.","level":"error","timestamp":"2023-03-01 14:06:34"}
{"message":"\"12\"에 대한 건물번호가 없습니다.","level":"error","timestamp":"2023-03-01 14:06:54"}
{"message":"\"12\"에 대한 건물번호가 없습니다.","level":"error","timestamp":"2023-03-01 14:06:58"}
{"message":"\"12\"에 대한 건물번호가 없습니다.","level":"error","timestamp":"2023-03-01 14:07:06"}
{"message":"\"농업\"에 대한 건물명이 없습니다.","level":"error","timestamp":"2023-03-01 14:07:16"}
{"message":"\"15\"에 대한 건물번호가 없습니다.","level":"error","timestamp":"2023-03-01 14:08:39"}
{"message":"\"공과\"에 대한 건물명이 없습니다.","level":"error","timestamp":"2023-03-01 14:09:25"}
{"message":"\"보고서\"에 대한 건물명이 없습니다.","level":"error","timestamp":"2023-03-01 14:10:28"}
{"message":"\"18\"에 대한 건물번호가 없습니다.","level":"error","timestamp":"2023-03-01 14:11:32"}
{"message":"\"18\"에 대한 건물번호가 없습니다.","level":"error","timestamp":"2023-03-01 14:11:42"}
{"message":"\"18\"에 대한 건물번호가 없습니다.","level":"error","timestamp":"2023-03-01 14:12:25"}
{"message":"\"자영과학\"에 대한 건물명이 없습니다.","level":"error","timestamp":"2023-03-01 14:12:42"}
{"message":"\"자연과학\"에 대한 건물명이 없습니다.","level":"error","timestamp":"2023-03-01 14:12:47"}
{"message":"\"자연과학대학\"에 대한 건물명이 없습니다.","level":"error","timestamp":"2023-03-01 14:12:50"}
{"message":"\"24352\"에 대한 건물번호가 없습니다.","level":"error","timestamp":"2023-03-01 14:13:19"}
{"message":"\"중앙1\"에 대한 건물명이 없습니다.","level":"error","timestamp":"2023-03-01 14:13:50"}
{"message":"\"024-0241\"에 대한 건물명이 없습니다.","level":"error","timestamp":"2023-03-01 14:14:35"}
{"message":"\"024-0173\"에 대한 건물명이 없습니다.","level":"error","timestamp":"2023-03-01 14:15:42"}
{"message":"\"024-0256\"에 대한 건물명이 없습니다.","level":"error","timestamp":"2023-03-01 14:16:10"}
{"message":"\"수학1\"에 대한 건물명이 없습니다.","level":"error","timestamp":"2023-03-01 14:19:39"}
{"message":"\"9\"에 대한 건물번호가 없습니다.","level":"error","timestamp":"2023-03-01 14:21:06"}
{"message":"\"9\"에 대한 건물번호가 없습니다.","level":"error","timestamp":"2023-03-01 14:21:13"}
{"message":"\"001-401\"에 대한 건물명이 없습니다.","level":"error","timestamp":"2023-03-01 14:21:48"}
{"message":"\"9\"에 대한 건물번호가 없습니다.","level":"error","timestamp":"2023-03-01 14:22:00"}
{"message":"\"024-0130\"에 대한 건물명이 없습니다.","level":"error","timestamp":"2023-03-01 14:22:05"}
{"message":"\"교양학고ㅓㄴ\"에 대한 건물명이 없습니다.","level":"error","timestamp":"2023-03-01 14:22:55"}
{"message":"\"022-컴퓨터실\"에 대한 건물명이 없습니다.","level":"error","timestamp":"2023-03-01 14:23:39"}
{"message":"\"351-0311\"에 대한 건물명이 없습니다.","level":"error","timestamp":"2023-03-01 14:23:42"}
{"message":"\"과학2호관\"에 대한 건물명이 없습니다.","level":"error","timestamp":"2023-03-01 14:23:51"}
{"message":"\"과학2호\"에 대한 건물명이 없습니다.","level":"error","timestamp":"2023-03-01 14:23:54"}
{"message":"\"24-0156\"에 대한 건물명이 없습니다.","level":"error","timestamp":"2023-03-01 14:24:13"}
{"message":"\"과학2호관\"에 대한 건물명이 없습니다.","level":"error","timestamp":"2023-03-01 14:24:17"}
{"message":"\"24-0156\"에 대한 건물명이 없습니다.","level":"error","timestamp":"2023-03-01 14:24:19"}
{"message":"\"교향악관\"에 대한 건물명이 없습니다.","level":"error","timestamp":"2023-03-01 14:24:42"}
{"message":"\"024-0241\"에 대한 건물명이 없습니다.","level":"error","timestamp":"2023-03-01 14:24:44"}
{"message":"\"024-0156\"에 대한 건물명이 없습니다.","level":"error","timestamp":"2023-03-01 14:24:50"}
{"message":"\"210\"에 대한 건물번호가 없습니다.","level":"error","timestamp":"2023-03-01 14:27:56"}
{"message":"\"수학1\"에 대한 건물명이 없습니다.","level":"error","timestamp":"2023-03-01 14:27:58"}
{"message":"\"컴과\"에 대한 건물명이 없습니다.","level":"error","timestamp":"2023-03-01 14:28:23"}
{"message":"\"24-0143\"에 대한 건물명이 없습니다.","level":"error","timestamp":"2023-03-01 14:28:53"}
{"message":"\"024-0143\"에 대한 건물명이 없습니다.","level":"error","timestamp":"2023-03-01 14:29:01"}
{"message":"\"306\"에 대한 건물번호가 없습니다.","level":"error","timestamp":"2023-03-01 14:29:20"}
{"message":"\"13\"에 대한 건물번호가 없습니다.","level":"error","timestamp":"2023-03-01 14:29:26"}
{"message":"\"의학관\"에 대한 건물명이 없습니다.","level":"error","timestamp":"2023-03-01 14:30:13"}
{"message":"\"스콤\"에 대한 건물명이 없습니다.","level":"error","timestamp":"2023-03-01 14:30:48"}
{"message":"\"컴포즈\"에 대한 건물명이 없습니다.","level":"error","timestamp":"2023-03-01 14:31:43"}
{"message":"\"관절센터\"에 대한 건물명이 없습니다.","level":"error","timestamp":"2023-03-01 14:32:16"}
{"message":"\"9\"에 대한 건물번호가 없습니다.","level":"error","timestamp":"2023-03-01 14:32:32"}
{"message":"\"9\"에 대한 건물번호가 없습니다.","level":"error","timestamp":"2023-03-01 14:32:36"}
{"message":"\"고문헌박물관\"에 대한 건물명이 없습니다.","level":"error","timestamp":"2023-03-01 14:33:52"}
{"message":"\"303-704호\"에 대한 건물명이 없습니다.","level":"error","timestamp":"2023-03-01 14:34:18"}
{"message":"\"식당\"에 대한 건물명이 없습니다.","level":"error","timestamp":"2023-03-01 14:35:42"}
{"message":"\"124\"에 대한 건물번호가 없습니다.","level":"error","timestamp":"2023-03-01 14:36:05"}
{"message":"\"수영장\"에 대한 건물명이 없습니다.","level":"error","timestamp":"2023-03-01 14:36:45"}
{"message":"\"서점\"에 대한 건물명이 없습니다.","level":"error","timestamp":"2023-03-01 14:37:22"}
{"message":"\"구내서점\"에 대한 건물명이 없습니다.","level":"error","timestamp":"2023-03-01 14:37:29"}
{"message":"\"학생복지관\"에 대한 건물명이 없습니다.","level":"error","timestamp":"2023-03-01 14:38:29"}
{"message":"\"철학과 과방\"에 대한 건물명이 없습니다.","level":"error","timestamp":"2023-03-01 14:38:32"}
{"message":"\"에나호떡\"에 대한 건물명이 없습니다.","level":"error","timestamp":"2023-03-01 14:39:12"}
{"message":"빈 검색어 입니다.","level":"error","timestamp":"2023-03-01 14:39:54"}
{"message":"\"농협\"에 대한 건물명이 없습니다.","level":"error","timestamp":"2023-03-01 14:40:22"}
{"message":"\"024-0225\"에 대한 건물명이 없습니다.","level":"error","timestamp":"2023-03-01 14:40:34"}
{"message":"\"405-01017\"에 대한 건물명이 없습니다.","level":"error","timestamp":"2023-03-01 14:44:24"}
{"message":"\"405-0107\"에 대한 건물명이 없습니다.","level":"error","timestamp":"2023-03-01 14:44:31"}
{"message":"\"농장\"에 대한 건물명이 없습니다.","level":"error","timestamp":"2023-03-01 14:44:50"}
{"message":"\"농업생명\"에 대한 건물명이 없습니다.","level":"error","timestamp":"2023-03-01 14:44:57"}
{"message":"\"급식\"에 대한 건물명이 없습니다.","level":"error","timestamp":"2023-03-01 14:45:37"}
{"message":"\"240141\"에 대한 건물번호가 없습니다.","level":"error","timestamp":"2023-03-01 14:46:00"}
{"message":"\"240141\"에 대한 건물번호가 없습니다.","level":"error","timestamp":"2023-03-01 14:46:04"}
{"message":"\"산학협력센터\"에 대한 건물명이 없습니다.","level":"error","timestamp":"2023-03-01 14:47:57"}
{"message":"\"인ㅁ ㄴ\"에 대한 건물명이 없습니다.","level":"error","timestamp":"2023-03-01 14:48:17"}
{"message":"\"024-0143\"에 대한 건물명이 없습니다.","level":"error","timestamp":"2023-03-01 14:49:16"}
{"message":"\"식당\"에 대한 건물명이 없습니다.","level":"error","timestamp":"2023-03-01 14:49:37"}
{"message":"\"중앙1식당\"에 대한 건물명이 없습니다.","level":"error","timestamp":"2023-03-01 14:50:06"}
{"message":"\"농협\"에 대한 건물명이 없습니다.","level":"error","timestamp":"2023-03-01 14:50:26"}
{"message":"\"스타벅스\"에 대한 건물명이 없습니다.","level":"error","timestamp":"2023-03-01 14:51:03"}
{"message":"\"개척의학관\"에 대한 건물명이 없습니다.","level":"error","timestamp":"2023-03-01 14:51:29"}
{"message":"\"글로벌영어\"에 대한 건물명이 없습니다.","level":"error","timestamp":"2023-03-01 14:53:48"}
{"message":"\"식당\"에 대한 건물명이 없습니다.","level":"error","timestamp":"2023-03-01 14:54:00"}
{"message":"\"아람관\"에 대한 건물명이 없습니다.","level":"error","timestamp":"2023-03-01 14:54:05"}
{"message":"\"015-309\"에 대한 건물명이 없습니다.","level":"error","timestamp":"2023-03-01 14:54:06"}
{"message":"\"024-0175\"에 대한 건물명이 없습니다.","level":"error","timestamp":"2023-03-01 14:54:09"}
{"message":"\"15\"에 대한 건물번호가 없습니다.","level":"error","timestamp":"2023-03-01 14:54:24"}
{"message":"\"15\"에 대한 건물번호가 없습니다.","level":"error","timestamp":"2023-03-01 14:54:28"}
{"message":"\"240175\"에 대한 건물번호가 없습니다.","level":"error","timestamp":"2023-03-01 14:54:33"}
{"message":"\"글로벌영어\"에 대한 건물명이 없습니다.","level":"error","timestamp":"2023-03-01 14:54:41"}
{"message":"\"아람관\"에 대한 건물명이 없습니다.","level":"error","timestamp":"2023-03-01 14:54:53"}
{"message":"\"건축환경\"에 대한 건물명이 없습니다.","level":"error","timestamp":"2023-03-01 14:55:21"}
{"message":"\"건축\"에 대한 건물명이 없습니다.","level":"error","timestamp":"2023-03-01 14:55:30"}
{"message":"\"302호\"에 대한 건물명이 없습니다.","level":"error","timestamp":"2023-03-01 14:55:31"}
{"message":"\"15\"에 대한 건물번호가 없습니다.","level":"error","timestamp":"2023-03-01 14:55:38"}
{"message":"\"15\"에 대한 건물번호가 없습니다.","level":"error","timestamp":"2023-03-01 14:55:39"}
{"message":"\"302호\"에 대한 건물명이 없습니다.","level":"error","timestamp":"2023-03-01 14:56:06"}
{"message":"\"302호\"에 대한 건물명이 없습니다.","level":"error","timestamp":"2023-03-01 14:56:11"}
{"message":"\"100주년기념관\"에 대한 건물명이 없습니다.","level":"error","timestamp":"2023-03-01 14:56:40"}
{"message":"\"24 258\"에 대한 건물명이 없습니다.","level":"error","timestamp":"2023-03-01 14:56:41"}
{"message":"\"100주년\"에 대한 건물명이 없습니다.","level":"error","timestamp":"2023-03-01 14:56:44"}
{"message":"\"백주년\"에 대한 건물명이 없습니다.","level":"error","timestamp":"2023-03-01 14:56:51"}
{"message":"\"100주년\"에 대한 건물명이 없습니다.","level":"error","timestamp":"2023-03-01 14:56:58"}
{"message":"\"칠암캠\"에 대한 건물명이 없습니다.","level":"error","timestamp":"2023-03-01 14:59:08"}
{"message":"\"011-0201\"에 대한 건물명이 없습니다.","level":"error","timestamp":"2023-03-01 15:02:23"}
{"message":"\"011-0201\"에 대한 건물명이 없습니다.","level":"error","timestamp":"2023-03-01 15:02:29"}
{"message":"\"011- 0201\"에 대한 건물명이 없습니다.","level":"error","timestamp":"2023-03-01 15:02:38"}
{"message":"\"유라시아\"에 대한 건물명이 없습니다.","level":"error","timestamp":"2023-03-01 15:04:03"}
{"message":"\"정경택\"에 대한 건물명이 없습니다.","level":"error","timestamp":"2023-03-01 15:04:10"}
{"message":"\"45\"에 대한 건물번호가 없습니다.","level":"error","timestamp":"2023-03-01 15:06:58"}
{"message":"\"아람관\"에 대한 건물명이 없습니다.","level":"error","timestamp":"2023-03-01 15:09:05"}
{"message":"\"250\"에 대한 건물번호가 없습니다.","level":"error","timestamp":"2023-03-01 15:09:50"}
{"message":"\"법핫\"에 대한 건물명이 없습니다.","level":"error","timestamp":"2023-03-01 15:09:56"}
{"message":"\"법학\"에 대한 건물명이 없습니다.","level":"error","timestamp":"2023-03-01 15:09:59"}
{"message":"\"법학과\"에 대한 건물명이 없습니다.","level":"error","timestamp":"2023-03-01 15:10:03"}
{"message":"빈 검색어 입니다.","level":"error","timestamp":"2023-03-01 15:11:19"}
{"message":"\"011- 0201\"에 대한 건물명이 없습니다.","level":"error","timestamp":"2023-03-01 15:13:28"}
{"message":"\"천국의 계단\"에 대한 건물명이 없습니다.","level":"error","timestamp":"2023-03-01 15:13:35"}
{"message":"\"천국의 계단\"에 대한 건물명이 없습니다.","level":"error","timestamp":"2023-03-01 15:14:25"}
{"message":"\"철학과 과방\"에 대한 건물명이 없습니다.","level":"error","timestamp":"2023-03-01 15:14:35"}
{"message":"\"건축\"에 대한 건물명이 없습니다.","level":"error","timestamp":"2023-03-01 15:14:41"}
{"message":"\"급식\"에 대한 건물명이 없습니다.","level":"error","timestamp":"2023-03-01 15:15:10"}
{"message":"\"급식\"에 대한 건물명이 없습니다.","level":"error","timestamp":"2023-03-01 15:15:15"}
{"message":"\"15\"에 대한 건물번호가 없습니다.","level":"error","timestamp":"2023-03-01 15:15:47"}
{"message":"\"15\"에 대한 건물번호가 없습니다.","level":"error","timestamp":"2023-03-01 15:16:18"}
{"message":"\"건축설계\"에 대한 건물명이 없습니다.","level":"error","timestamp":"2023-03-01 15:18:41"}
{"message":"\"글로벌영아\"에 대한 건물명이 없습니다.","level":"error","timestamp":"2023-03-01 15:19:48"}
{"message":"\"글로벌영어\"에 대한 건물명이 없습니다.","level":"error","timestamp":"2023-03-01 15:19:51"}
{"message":"빈 검색어 입니다.","level":"error","timestamp":"2023-03-01 15:19:56"}
{"message":"\"3ㅔ4\"에 대한 건물명이 없습니다.","level":"error","timestamp":"2023-03-01 15:20:09"}
{"message":"\"영어실습실\"에 대한 건물명이 없습니다.","level":"error","timestamp":"2023-03-01 15:21:14"}
{"message":"\"칠임\"에 대한 건물명이 없습니다.","level":"error","timestamp":"2023-03-01 15:21:20"}
{"message":"\"칠암 1\"에 대한 건물명이 없습니다.","level":"error","timestamp":"2023-03-01 15:21:33"}
{"message":"\"자연\"에 대한 건물명이 없습니다.","level":"error","timestamp":"2023-03-01 15:22:20"}
{"message":"\"자연과학\"에 대한 건물명이 없습니다.","level":"error","timestamp":"2023-03-01 15:22:28"}
{"message":"\"자연\"에 대한 건물명이 없습니다.","level":"error","timestamp":"2023-03-01 15:22:41"}
{"message":"\"80101\"에 대한 건물번호가 없습니다.","level":"error","timestamp":"2023-03-01 15:23:18"}
{"message":"\"글로벌영오\"에 대한 건물명이 없습니다.","level":"error","timestamp":"2023-03-01 15:24:45"}
{"message":"\"고양이\"에 대한 건물명이 없습니다.","level":"error","timestamp":"2023-03-01 15:34:18"}
{"message":"\"고양이\"에 대한 건물명이 없습니다.","level":"error","timestamp":"2023-03-01 15:34:23"}
{"message":"\"024-0227\"에 대한 건물명이 없습니다.","level":"error","timestamp":"2023-03-01 15:34:24"}
{"message":"\"고양이\"에 대한 건물명이 없습니다.","level":"error","timestamp":"2023-03-01 15:34:26"}
{"message":"\"102-0210\"에 대한 건물명이 없습니다.","level":"error","timestamp":"2023-03-01 15:35:15"}
{"message":"\"024-0171\"에 대한 건물명이 없습니다.","level":"error","timestamp":"2023-03-01 15:38:41"}
{"message":"\"024-0171\"에 대한 건물명이 없습니다.","level":"error","timestamp":"2023-03-01 15:38:45"}
{"message":"\"024-0171\"에 대한 건물명이 없습니다.","level":"error","timestamp":"2023-03-01 15:39:47"}
{"message":"\"029-0301\"에 대한 건물명이 없습니다.","level":"error","timestamp":"2023-03-01 15:39:51"}
{"message":"\"교약\"에 대한 건물명이 없습니다.","level":"error","timestamp":"2023-03-01 15:40:19"}
{"message":"\"사대부고\"에 대한 건물명이 없습니다.","level":"error","timestamp":"2023-03-01 15:41:34"}
{"message":"\"024-0271\"에 대한 건물명이 없습니다.","level":"error","timestamp":"2023-03-01 15:41:41"}
{"message":"\"240271\"에 대한 건물번호가 없습니다.","level":"error","timestamp":"2023-03-01 15:42:32"}
{"message":"\"24\"에 대한 건물번호가 없습니다.","level":"error","timestamp":"2023-03-01 15:43:30"}
{"message":"\"24\"에 대한 건물번호가 없습니다.","level":"error","timestamp":"2023-03-01 15:43:33"}
{"message":"\"자연\"에 대한 건물명이 없습니다.","level":"error","timestamp":"2023-03-01 15:44:15"}
{"message":"\"개척교\"에 대한 건물명이 없습니다.","level":"error","timestamp":"2023-03-01 15:51:03"}
{"message":"\"15\"에 대한 건물번호가 없습니다.","level":"error","timestamp":"2023-03-01 15:51:44"}
{"message":"\"자연과학\"에 대한 건물명이 없습니다.","level":"error","timestamp":"2023-03-01 15:56:39"}
{"message":"\"15\"에 대한 건물번호가 없습니다.","level":"error","timestamp":"2023-03-01 15:59:43"}
{"message":"\"행정학개론\"에 대한 건물명이 없습니다.","level":"error","timestamp":"2023-03-01 16:00:23"}
{"message":"\"행정학개론\"에 대한 건물명이 없습니다.","level":"error","timestamp":"2023-03-01 16:03:31"}
{"message":"\"101024\"에 대한 건물번호가 없습니다.","level":"error","timestamp":"2023-03-01 16:03:34"}
{"message":"\"24 교양\"에 대한 건물명이 없습니다.","level":"error","timestamp":"2023-03-01 16:03:57"}
{"message":"\"101, 024\"에 대한 건물명이 없습니다.","level":"error","timestamp":"2023-03-01 16:04:12"}
{"message":"\"101, 024\"에 대한 건물명이 없습니다.","level":"error","timestamp":"2023-03-01 16:04:23"}
{"message":"\"관절센터\"에 대한 건물명이 없습니다.","level":"error","timestamp":"2023-03-01 16:04:52"}
{"message":"\"샤프심\"에 대한 건물명이 없습니다.","level":"error","timestamp":"2023-03-01 16:05:40"}
{"message":"\"은행\"에 대한 건물명이 없습니다.","level":"error","timestamp":"2023-03-01 16:07:26"}
{"message":"\"농협\"에 대한 건물명이 없습니다.","level":"error","timestamp":"2023-03-01 16:07:43"}
{"message":"\"101, 024\"에 대한 건물명이 없습니다.","level":"error","timestamp":"2023-03-01 16:09:20"}
{"message":"\"101, 024\"에 대한 건물명이 없습니다.","level":"error","timestamp":"2023-03-01 16:09:26"}
{"message":"\"15\"에 대한 건물번호가 없습니다.","level":"error","timestamp":"2023-03-01 16:09:40"}
{"message":"\"스포츠콤플렉스\"에 대한 건물명이 없습니다.","level":"error","timestamp":"2023-03-01 16:12:28"}
{"message":"\"스포츠 콤플렉스\"에 대한 건물명이 없습니다.","level":"error","timestamp":"2023-03-01 16:13:55"}
{"message":"\"스포츠콤플렉스\"에 대한 건물명이 없습니다.","level":"error","timestamp":"2023-03-01 16:13:57"}
{"message":"\"스포츠콤플렉스\"에 대한 건물명이 없습니다.","level":"error","timestamp":"2023-03-01 16:14:49"}
{"message":"\"스포츠 콤플렉스\"에 대한 건물명이 없습니다.","level":"error","timestamp":"2023-03-01 16:14:51"}
{"message":"\"농협\"에 대한 건물명이 없습니다.","level":"error","timestamp":"2023-03-01 16:15:57"}
{"message":"\"024 0275\"에 대한 건물명이 없습니다.","level":"error","timestamp":"2023-03-01 16:17:17"}
{"message":"\"024 0175\"에 대한 건물명이 없습니다.","level":"error","timestamp":"2023-03-01 16:17:28"}
{"message":"\"240175\"에 대한 건물번호가 없습니다.","level":"error","timestamp":"2023-03-01 16:17:31"}
{"message":"\"이노티\"에 대한 건물명이 없습니다.","level":"error","timestamp":"2023-03-01 16:18:00"}
{"message":"\"15\"에 대한 건물번호가 없습니다.","level":"error","timestamp":"2023-03-01 16:23:47"}
{"message":"\"중앙1식당\"에 대한 건물명이 없습니다.","level":"error","timestamp":"2023-03-01 16:24:06"}
{"message":"\"024-127\"에 대한 건물명이 없습니다.","level":"error","timestamp":"2023-03-01 16:30:35"}
{"message":"\"교앵\"에 대한 건물명이 없습니다.","level":"error","timestamp":"2023-03-01 16:39:26"}
{"message":"\"스포츠 콤플렉스\"에 대한 건물명이 없습니다.","level":"error","timestamp":"2023-03-01 16:40:27"}
{"message":"\"서점\"에 대한 건물명이 없습니다.","level":"error","timestamp":"2023-03-01 16:41:17"}
{"message":"\"농협\"에 대한 건물명이 없습니다.","level":"error","timestamp":"2023-03-01 16:41:26"}
{"message":"\"024-0234\"에 대한 건물명이 없습니다.","level":"error","timestamp":"2023-03-01 16:42:52"}
{"message":"\"ㆍㅈ\"에 대한 건물명이 없습니다.","level":"error","timestamp":"2023-03-01 16:44:21"}
{"message":"\"개척의학관\"에 대한 건물명이 없습니다.","level":"error","timestamp":"2023-03-01 16:46:35"}
{"message":"\"10\"에 대한 건물번호가 없습니다.","level":"error","timestamp":"2023-03-01 16:51:10"}
{"message":"\"273\"에 대한 건물번호가 없습니다.","level":"error","timestamp":"2023-03-01 16:54:16"}
{"message":"\"024-0273\"에 대한 건물명이 없습니다.","level":"error","timestamp":"2023-03-01 16:54:35"}
{"message":"\"273\"에 대한 건물번호가 없습니다.","level":"error","timestamp":"2023-03-01 16:54:43"}
{"message":"\"273\"에 대한 건물번호가 없습니다.","level":"error","timestamp":"2023-03-01 16:54:52"}
{"message":"\"sdg\"에 대한 건물명이 없습니다.","level":"error","timestamp":"2023-03-01 16:57:25"}
{"message":"\"정문\"에 대한 건물명이 없습니다.","level":"error","timestamp":"2023-03-01 16:59:38"}
{"message":"\"204\"에 대한 건물번호가 없습니다.","level":"error","timestamp":"2023-03-01 17:01:39"}
{"message":"\"아람\"에 대한 건물명이 없습니다.","level":"error","timestamp":"2023-03-01 17:02:53"}
{"message":"\"교양관\"에 대한 건물명이 없습니다.","level":"error","timestamp":"2023-03-01 17:03:11"}
{"message":"\"자연\"에 대한 건물명이 없습니다.","level":"error","timestamp":"2023-03-01 17:09:30"}
{"message":"\"자연과학\"에 대한 건물명이 없습니다.","level":"error","timestamp":"2023-03-01 17:09:35"}
{"message":"\"자연과학대학\"에 대한 건물명이 없습니다.","level":"error","timestamp":"2023-03-01 17:09:38"}
{"message":"\"304-0131\"에 대한 건물명이 없습니다.","level":"error","timestamp":"2023-03-01 17:27:47"}
{"message":"\"304-0131\"에 대한 건물명이 없습니다.","level":"error","timestamp":"2023-03-01 17:28:08"}
{"message":"\"304-0131\"에 대한 건물명이 없습니다.","level":"error","timestamp":"2023-03-01 17:33:25"}
{"message":"\"39\"에 대한 건물번호가 없습니다.","level":"error","timestamp":"2023-03-01 17:36:36"}
{"message":"\"39\"에 대한 건물번호가 없습니다.","level":"error","timestamp":"2023-03-01 17:36:38"}
{"message":"\"학굴\"에 대한 건물명이 없습니다.","level":"error","timestamp":"2023-03-01 17:37:26"}
{"message":"\"8\"에 대한 건물번호가 없습니다.","level":"error","timestamp":"2023-03-01 17:45:24"}
{"message":"\"8\"에 대한 건물번호가 없습니다.","level":"error","timestamp":"2023-03-01 17:46:29"}
{"message":"\"8\"에 대한 건물번호가 없습니다.","level":"error","timestamp":"2023-03-01 17:46:34"}
{"message":"\"공대부속\"에 대한 건물명이 없습니다.","level":"error","timestamp":"2023-03-01 17:48:07"}
{"message":"\"자연\"에 대한 건물명이 없습니다.","level":"error","timestamp":"2023-03-01 17:49:20"}
{"message":"\"정문\"에 대한 건물명이 없습니다.","level":"error","timestamp":"2023-03-01 18:42:51"}
{"message":"\"정문에서 24\"에 대한 건물명이 없습니다.","level":"error","timestamp":"2023-03-01 18:43:02"}
