{"message":"undefined - API Server Start At Port 3000","level":"info","timestamp":"2022-11-05 14:01:31"}
{"message":"aasss","level":"error","timestamp":"2022-11-05 14:09:11"}
{"message":"v1 - retrieveBuilding Provider 204_NO_CONTENT error By num ","level":"error","timestamp":"2022-11-05 14:09:11"}
{"message":"aasss","level":"error","timestamp":"2022-11-05 14:31:55"}
{"message":"v1 - retrieveBuilding Provider 204_NO_CONTENT error By num ","level":"error","timestamp":"2022-11-05 14:31:55"}
{"message":"aasss","level":"error","timestamp":"2022-11-05 14:31:56"}
{"message":"v1 - retrieveBuilding Provider 204_NO_CONTENT error By num ","level":"error","timestamp":"2022-11-05 14:31:56"}
{"message":"aasss","level":"error","timestamp":"2022-11-05 14:31:58"}
{"message":"v1 - retrieveBuilding Provider 204_NO_CONTENT error By num ","level":"error","timestamp":"2022-11-05 14:31:58"}
{"message":"aasss","level":"error","timestamp":"2022-11-05 14:32:00"}
{"message":"v1 - retrieveBuilding Provider 204_NO_CONTENT error By num ","level":"error","timestamp":"2022-11-05 14:32:00"}
{"message":"undefined - API Server Start At Port 3000","level":"info","timestamp":"2022-11-05 15:54:26"}
{"message":"undefined - API Server Start At Port 3000","level":"info","timestamp":"2022-11-05 15:55:45"}
{"message":"undefined - API Server Start At Port 3000","level":"info","timestamp":"2022-11-05 15:55:46"}
{"message":"undefined - API Server Start At Port 3000","level":"info","timestamp":"2022-11-05 15:56:27"}
{"message":"undefined - API Server Start At Port 3000","level":"info","timestamp":"2022-11-05 16:18:33"}
{"message":"undefined - API Server Start At Port 3000","level":"info","timestamp":"2022-11-05 16:18:37"}
{"message":"undefined - API Server Start At Port 3000","level":"info","timestamp":"2022-11-05 16:18:39"}
{"message":"undefined - API Server Start At Port 3000","level":"info","timestamp":"2022-11-05 16:18:43"}
{"message":"undefined - API Server Start At Port 3000","level":"info","timestamp":"2022-11-05 16:20:00"}
{"message":"undefined - API Server Start At Port 3000","level":"info","timestamp":"2022-11-05 16:20:01"}
{"message":"undefined - API Server Start At Port 3000","level":"info","timestamp":"2022-11-05 16:20:05"}
{"message":"undefined - API Server Start At Port 3000","level":"info","timestamp":"2022-11-05 16:20:06"}
{"message":"as","level":"error","timestamp":"2022-11-05 17:18:34"}
{"message":"v1 - retrieveBuilding Provider 204_NO_CONTENT error By name ","level":"error","timestamp":"2022-11-05 17:18:34"}
{"message":"undefined - API Server Start At Port 3000","level":"info","timestamp":"2022-11-05 23:12:42"}
{"message":"aasss","level":"error","timestamp":"2022-11-05 23:25:26"}
{"message":"v1 - retrieveBuilding Provider 204_NO_CONTENT error By num ","level":"error","timestamp":"2022-11-05 23:25:26"}
